Release 14.2 - ngc2edif P.28xd (nt)
Copyright (c) 1995-2012 Xilinx, Inc.  All rights reserved.
Reading design ledplay.ngc ...
WARNING:NetListWriters:298 - No output is written to ledplay.xncf, ignored.
Processing design ...
   Preping design's networks ...
   Preping design's macros ...
  finished :Prep
Writing EDIF netlist file ledplay.edif ...
ngc2edif: Total memory usage is 59092 kilobytes

Release 14.2 - ngc2edif P.28xd (nt)
Copyright (c) 1995-2012 Xilinx, Inc.  All rights reserved.
Reading design ledplay.ngc ...
WARNING:NetListWriters:298 - No output is written to ledplay.xncf, ignored.
Processing design ...
   Preping design's networks ...
   Preping design's macros ...
  finished :Prep
Writing EDIF netlist file ledplay.edif ...
ngc2edif: Total memory usage is 59412 kilobytes

